0 info it worked if it ends with ok
1 verbose cli [ 'C:\\Program Files (x86)\\nodejs\\node.exe',
1 verbose cli   'C:\\Program Files (x86)\\nodejs\\node_modules\\npm\\bin\\npm-cli.js',
1 verbose cli   'run',
1 verbose cli   'develop' ]
2 info using npm@4.1.2
3 info using node@v7.6.0
4 verbose run-script [ 'predevelop', 'develop', 'postdevelop' ]
5 info lifecycle react_project@1.0.0~predevelop: react_project@1.0.0
6 silly lifecycle react_project@1.0.0~predevelop: no script for predevelop, continuing
7 info lifecycle react_project@1.0.0~develop: react_project@1.0.0
8 verbose lifecycle react_project@1.0.0~develop: unsafe-perm in lifecycle true
9 verbose lifecycle react_project@1.0.0~develop: PATH: C:\Program Files (x86)\nodejs\node_modules\npm\bin\node-gyp-bin;C:\Users\Administrator\Desktop\workStudy\reactDemo\node_modules\.bin;C:\grails-2.5.4\bin;D:\jdk1.7.0_17\jdk1.7.0_17\bin;C:\Windows\system32;C:\Windows;C:\Windows\System32\Wbem;C:\Windows\System32\WindowsPowerShell\v1.0\;D:\Program Files\Git\cmd;C:\Program Files (x86)\nodejs\;C:\Program Files\MongoDB\Server\3.4\bin;C:\Users\Administrator\AppData\Roaming\npm
10 verbose lifecycle react_project@1.0.0~develop: CWD: C:\Users\Administrator\Desktop\workStudy\reactDemo
11 silly lifecycle react_project@1.0.0~develop: Args: [ '/d /s /c',
11 silly lifecycle   'webpack-dev-server  --config ./webpack/webpack.config.js --port 8089 --open' ]
12 silly lifecycle react_project@1.0.0~develop: Returned: code: 3221225786  signal: null
13 info lifecycle react_project@1.0.0~develop: Failed to exec develop script
14 verbose stack Error: react_project@1.0.0 develop: `webpack-dev-server  --config ./webpack/webpack.config.js --port 8089 --open`
14 verbose stack Exit status 3221225786
14 verbose stack     at EventEmitter.<anonymous> (C:\Program Files (x86)\nodejs\node_modules\npm\lib\utils\lifecycle.js:279:16)
14 verbose stack     at emitTwo (events.js:106:13)
14 verbose stack     at EventEmitter.emit (events.js:192:7)
14 verbose stack     at ChildProcess.<anonymous> (C:\Program Files (x86)\nodejs\node_modules\npm\lib\utils\spawn.js:40:14)
14 verbose stack     at emitTwo (events.js:106:13)
14 verbose stack     at ChildProcess.emit (events.js:192:7)
14 verbose stack     at maybeClose (internal/child_process.js:890:16)
14 verbose stack     at Process.ChildProcess._handle.onexit (internal/child_process.js:226:5)
15 verbose pkgid react_project@1.0.0
16 verbose cwd C:\Users\Administrator\Desktop\workStudy\reactDemo
17 error Windows_NT 6.1.7601
18 error argv "C:\\Program Files (x86)\\nodejs\\node.exe" "C:\\Program Files (x86)\\nodejs\\node_modules\\npm\\bin\\npm-cli.js" "run" "develop"
19 error node v7.6.0
20 error npm  v4.1.2
21 error code ELIFECYCLE
22 error react_project@1.0.0 develop: `webpack-dev-server  --config ./webpack/webpack.config.js --port 8089 --open`
22 error Exit status 3221225786
23 error Failed at the react_project@1.0.0 develop script 'webpack-dev-server  --config ./webpack/webpack.config.js --port 8089 --open'.
23 error Make sure you have the latest version of node.js and npm installed.
23 error If you do, this is most likely a problem with the react_project package,
23 error not with npm itself.
23 error Tell the author that this fails on your system:
23 error     webpack-dev-server  --config ./webpack/webpack.config.js --port 8089 --open
23 error You can get information on how to open an issue for this project with:
23 error     npm bugs react_project
23 error Or if that isn't available, you can get their info via:
23 error     npm owner ls react_project
23 error There is likely additional logging output above.
24 verbose exit [ 1, true ]
